2024-09-24 23:02:17 - body_transformer_logger - INFO - ====================
2024-09-24 23:02:17 - body_transformer_logger - INFO - Model Summary: 
2024-09-24 23:02:17 - body_transformer_logger - INFO - ==============================================================================================================
Layer (type:depth-idx)                                       Output Shape              Param #
==============================================================================================================
BoTMixWithKVCache                                            [32, 7]                   --
├─Linear: 1-1                                                [32, 7, 64]               128
├─PositionalEncoding: 1-2                                    [32, 7, 64]               --
├─ModuleList: 1-3                                            --                        --
│    └─MaskedTransformerEncoder: 2-1                         [32, 7, 64]               49,984
│    └─MaskedTransformerEncoder: 2-2                         --                        (recursive)
│    │    └─ModuleList: 3-3                                  --                        (recursive)
│    └─TransformerEncoder: 2-3                               [32, 7, 64]               --
│    │    └─ModuleList: 3-2                                  --                        49,984
│    └─MaskedTransformerEncoder: 2-4                         [32, 7, 64]               49,984
│    │    └─ModuleList: 3-3                                  --                        (recursive)
├─Linear: 1-4                                                [32, 7, 1]                65
==============================================================================================================
Total params: 200,129
Trainable params: 200,129
Non-trainable params: 0
Total mult-adds (M): 4.80
==============================================================================================================
Input size (MB): 0.00
Forward/backward pass size (MB): 3.90
Params size (MB): 0.40
Estimated Total Size (MB): 4.30
==============================================================================================================
2024-09-24 23:02:17 - body_transformer_logger - INFO - ====================
2024-09-24 23:02:17 - body_transformer_logger - INFO - TEST INFERENCE LOOP Average MSE: 1.466815
